SF:lib/app/core/exceptions/app_exception.dart
DA:5,1
DA:6,1
LF:2
LH:2
end_of_record
SF:lib/app/core/exceptions/mapper_exception.dart
DA:4,1
LF:1
LH:1
end_of_record
SF:lib/app/domain/entities/person_entity.dart
DA:8,1
LF:1
LH:1
end_of_record
SF:lib/app/domain/params/create_person_param.dart
DA:7,1
LF:1
LH:1
end_of_record
SF:lib/app/infra/mappers/person_mapper.dart
DA:7,0
DA:9,1
DA:10,1
DA:11,1
DA:12,1
DA:13,2
DA:14,1
DA:18,1
DA:21,2
DA:23,1
DA:24,1
DA:25,1
DA:26,1
DA:28,1
DA:31,3
DA:32,1
LF:16
LH:15
end_of_record
SF:lib/app/infra/repositories/person_repository.dart
DA:12,1
DA:14,1
DA:17,1
DA:18,2
DA:20,1
DA:23,1
LF:6
LH:6
end_of_record
SF:lib/app/core/exceptions/validation_exception.dart
DA:4,0
LF:1
LH:0
end_of_record
SF:lib/app/domain/usecases/create_person_usecase.dart
DA:15,0
DA:17,0
DA:20,0
DA:21,0
DA:23,0
DA:24,0
DA:25,0
DA:28,0
DA:29,0
DA:30,0
DA:33,0
DA:34,0
DA:35,0
DA:36,0
DA:39,0
DA:40,0
DA:41,0
DA:48,0
LF:18
LH:0
end_of_record
