SF:lib\app\data\mock.dart
DA:4,0
DA:89,1
DA:99,1
DA:106,1
DA:117,1
LF:5
LH:4
end_of_record
SF:lib\app\pages\home_page.dart
DA:13,1
DA:15,1
DA:16,1
DA:22,1
DA:23,2
DA:24,2
DA:28,1
DA:30,1
DA:32,1
DA:33,1
DA:34,1
DA:35,1
DA:36,1
DA:39,1
DA:40,1
DA:43,1
DA:45,1
DA:47,1
DA:48,1
DA:50,0
DA:51,0
DA:55,1
DA:58,1
DA:59,1
DA:61,3
DA:70,1
DA:72,1
DA:74,1
DA:76,1
DA:77,1
DA:78,1
DA:79,1
DA:81,1
DA:82,0
DA:83,1
DA:84,1
DA:85,1
DA:86,1
DA:101,1
DA:103,1
DA:105,1
DA:107,1
DA:108,1
DA:109,1
DA:110,1
DA:112,1
DA:119,1
DA:121,1
DA:123,1
DA:125,1
DA:127,0
DA:128,0
DA:132,1
DA:134,3
DA:136,1
DA:140,1
DA:142,3
DA:147,1
DA:148,1
DA:149,2
DA:161,1
DA:163,1
DA:165,1
DA:167,1
DA:169,0
DA:170,0
DA:174,1
DA:176,3
DA:178,1
DA:181,1
DA:183,3
DA:185,1
DA:193,1
DA:195,1
DA:197,1
DA:199,1
DA:202,0
DA:203,0
DA:207,1
DA:209,3
DA:211,1
DA:231,1
DA:233,1
DA:235,1
DA:237,1
DA:239,0
DA:240,0
DA:244,1
DA:246,3
DA:248,1
DA:256,1
DA:258,1
DA:260,1
DA:262,1
DA:265,0
DA:266,0
DA:273,1
DA:275,1
DA:277,1
DA:279,1
DA:280,1
DA:281,1
DA:282,1
DA:284,1
DA:285,1
DA:286,1
DA:287,1
LF:107
LH:94
end_of_record
SF:lib\app\theme\app_theme.dart
DA:7,0
DA:9,3
DA:15,1
DA:16,1
DA:22,1
DA:23,1
DA:33,1
DA:34,1
DA:37,1
DA:40,1
DA:44,1
DA:46,1
LF:12
LH:11
end_of_record
SF:lib\app\widgets\action_button_widget.dart
DA:11,1
DA:18,1
DA:20,1
DA:22,1
DA:24,1
DA:25,1
DA:26,1
DA:28,1
DA:30,1
DA:31,1
DA:34,1
DA:35,1
DA:38,1
DA:39,1
DA:40,3
DA:41,1
DA:42,1
DA:44,1
DA:46,1
DA:47,1
DA:48,1
DA:50,1
DA:51,1
DA:52,2
DA:53,2
DA:62,1
DA:63,1
DA:65,2
LF:28
LH:28
end_of_record
SF:lib\app\widgets\button_widget.dart
DA:8,1
DA:13,0
DA:15,1
DA:17,1
DA:19,1
DA:20,0
DA:21,2
DA:22,1
DA:23,1
DA:24,3
DA:25,1
DA:26,1
DA:27,1
DA:28,1
DA:31,1
LF:15
LH:13
end_of_record
SF:lib\app\widgets\home_header_widget.dart
DA:10,1
DA:16,1
DA:18,1
DA:20,1
DA:21,1
DA:23,1
DA:24,1
DA:25,3
DA:30,1
DA:31,1
DA:33,1
DA:34,1
DA:35,1
DA:36,1
DA:40,1
DA:41,1
DA:44,1
DA:45,2
DA:46,0
DA:48,0
DA:52,1
DA:53,1
DA:54,1
DA:58,1
DA:59,0
DA:62,1
DA:63,0
DA:69,1
DA:70,2
DA:71,2
DA:83,1
DA:87,1
DA:89,1
DA:91,1
DA:93,1
DA:94,1
DA:95,1
DA:96,1
DA:97,3
DA:98,3
LF:40
LH:36
end_of_record
SF:lib\app\widgets\news_card_widget.dart
DA:11,1
DA:16,1
DA:18,1
DA:20,1
DA:21,1
DA:23,1
DA:25,3
DA:27,1
DA:29,1
DA:31,1
DA:32,1
DA:33,1
DA:35,1
DA:36,1
DA:41,1
DA:43,1
DA:45,1
DA:47,1
DA:48,1
DA:49,1
DA:50,2
DA:53,1
DA:54,1
DA:55,2
LF:24
LH:24
end_of_record
SF:lib\app\widgets\tip_card_widget.dart
DA:8,1
DA:11,1
DA:13,1
DA:15,1
DA:16,1
DA:18,1
DA:19,3
DA:20,1
DA:21,1
DA:22,1
DA:24,1
DA:26,1
DA:28,1
DA:29,1
DA:30,1
DA:31,4
DA:32,1
DA:33,1
DA:34,3
DA:35,2
DA:38,1
LF:21
LH:21
end_of_record
SF:lib\app\widgets\title_section_widget.dart
DA:9,1
DA:14,1
DA:16,1
DA:18,1
DA:20,1
DA:21,1
DA:22,1
DA:23,1
DA:24,1
DA:25,4
DA:27,1
DA:28,1
LF:12
LH:12
end_of_record
SF:lib\app\widgets\rounded_button_widget.dart
DA:6,1
DA:9,0
DA:11,1
DA:13,1
DA:15,1
DA:16,0
DA:17,1
DA:18,1
DA:20,1
DA:21,1
DA:24,1
DA:25,1
DA:26,3
LF:13
LH:11
end_of_record
SF:lib\app\theme\app_colors.dart
DA:4,0
LF:1
LH:0
end_of_record
SF:lib\app\theme\app_text_styles.dart
DA:7,0
DA:32,3
LF:2
LH:1
end_of_record
