SF:lib\app\data\mock.dart
DA:4,0
DA:89,1
DA:99,1
DA:106,1
DA:117,1
LF:5
LH:4
end_of_record
SF:lib\app\pages\home_page.dart
DA:13,1
DA:15,1
DA:16,1
DA:22,1
DA:23,2
DA:24,2
DA:28,1
DA:30,1
DA:32,1
DA:33,1
DA:34,1
DA:35,1
DA:36,1
DA:39,1
DA:40,1
DA:43,1
DA:45,1
DA:47,1
DA:48,1
DA:50,0
DA:51,0
DA:55,1
DA:57,1
DA:58,1
DA:62,3
DA:66,1
DA:70,3
DA:78,1
DA:80,1
DA:82,1
DA:84,1
DA:85,1
DA:86,1
DA:87,1
DA:89,1
DA:90,0
DA:91,1
DA:92,1
DA:93,1
DA:94,1
DA:109,1
DA:111,1
DA:113,1
DA:115,1
DA:116,1
DA:117,1
DA:118,1
DA:120,1
DA:127,1
DA:129,1
DA:131,1
DA:133,1
DA:135,0
DA:136,0
DA:140,1
DA:142,3
DA:144,1
DA:148,1
DA:150,3
DA:155,1
DA:156,1
DA:157,2
DA:169,1
DA:171,1
DA:173,1
DA:175,1
DA:177,0
DA:178,0
DA:182,1
DA:184,3
DA:186,1
DA:189,1
DA:191,3
DA:193,1
DA:201,1
DA:203,1
DA:205,1
DA:207,1
DA:210,0
DA:211,0
DA:215,1
DA:217,3
DA:219,1
DA:239,1
DA:241,1
DA:243,1
DA:245,1
DA:247,0
DA:248,0
DA:252,1
DA:254,3
DA:256,1
DA:264,1
DA:266,1
DA:268,1
DA:270,1
DA:273,0
DA:274,0
DA:281,1
DA:283,1
DA:285,1
DA:287,1
DA:288,1
DA:289,1
DA:290,1
DA:292,1
DA:293,1
DA:294,1
DA:295,1
LF:109
LH:96
end_of_record
SF:lib\app\theme\app_theme.dart
DA:7,0
DA:9,3
DA:15,1
DA:16,1
DA:22,1
DA:23,1
DA:33,1
DA:34,1
DA:37,1
DA:40,1
DA:44,1
DA:46,1
LF:12
LH:11
end_of_record
SF:lib\app\widgets\action_button_widget.dart
DA:11,1
DA:18,1
DA:20,1
DA:22,1
DA:24,1
DA:25,1
DA:26,1
DA:28,1
DA:30,1
DA:31,1
DA:34,1
DA:35,1
DA:38,1
DA:39,1
DA:40,3
DA:41,1
DA:42,1
DA:44,1
DA:46,1
DA:47,1
DA:48,1
DA:50,1
DA:51,1
DA:52,2
DA:53,2
DA:62,1
DA:63,1
DA:65,2
LF:28
LH:28
end_of_record
SF:lib\app\widgets\button_widget.dart
DA:8,1
DA:13,0
DA:15,1
DA:17,1
DA:19,1
DA:20,0
DA:21,2
DA:22,1
DA:23,1
DA:24,3
DA:25,1
DA:26,1
DA:27,1
DA:28,1
DA:31,1
LF:15
LH:13
end_of_record
SF:lib\app\widgets\home_header_widget.dart
DA:10,1
DA:16,1
DA:18,1
DA:20,1
DA:21,1
DA:23,1
DA:24,1
DA:25,3
DA:30,1
DA:31,1
DA:33,1
DA:34,1
DA:35,1
DA:36,1
DA:40,1
DA:41,1
DA:44,1
DA:45,2
DA:46,0
DA:48,0
DA:52,1
DA:53,1
DA:54,1
DA:58,1
DA:59,0
DA:62,1
DA:63,0
DA:69,1
DA:70,2
DA:71,2
DA:83,1
DA:87,1
DA:89,1
DA:91,1
DA:93,1
DA:94,1
DA:95,1
DA:96,1
DA:97,3
DA:98,3
LF:40
LH:36
end_of_record
SF:lib\app\widgets\news_card_widget.dart
DA:11,1
DA:16,1
DA:18,1
DA:20,1
DA:21,1
DA:23,1
DA:25,3
DA:27,1
DA:29,1
DA:31,1
DA:32,1
DA:33,1
DA:35,1
DA:36,1
DA:41,1
DA:43,1
DA:45,1
DA:47,1
DA:48,1
DA:49,1
DA:50,2
DA:53,1
DA:54,1
DA:55,2
LF:24
LH:24
end_of_record
SF:lib\app\widgets\tip_card_widget.dart
DA:8,1
DA:11,1
DA:13,1
DA:15,1
DA:16,1
DA:18,1
DA:19,3
DA:20,1
DA:21,1
DA:22,1
DA:24,1
DA:26,1
DA:28,1
DA:29,1
DA:30,1
DA:31,4
DA:32,1
DA:33,1
DA:34,3
DA:35,2
DA:38,1
LF:21
LH:21
end_of_record
SF:lib\app\widgets\title_section_widget.dart
DA:9,1
DA:14,1
DA:16,1
DA:18,1
DA:20,1
DA:21,1
DA:22,1
DA:23,1
DA:24,1
DA:25,4
DA:27,1
DA:28,1
LF:12
LH:12
end_of_record
SF:lib\app\widgets\rounded_button_widget.dart
DA:6,1
DA:9,0
DA:11,1
DA:13,1
DA:15,1
DA:16,0
DA:17,1
DA:18,1
DA:20,1
DA:21,1
DA:24,1
DA:25,1
DA:26,3
LF:13
LH:11
end_of_record
SF:lib\app\theme\app_colors.dart
DA:4,0
LF:1
LH:0
end_of_record
SF:lib\app\theme\app_text_styles.dart
DA:7,0
DA:32,3
LF:2
LH:1
end_of_record
