SF:lib/app/modules/todo/submodules/cubit/presenter/cubits/states/todo_cubit_state.dart
DA:5,3
DA:9,1
DA:14,2
DA:18,2
LF:4
LH:4
end_of_record
SF:lib/app/modules/todo/submodules/cubit/presenter/cubits/todo_cubit.dart
DA:8,0
DA:11,0
DA:12,0
DA:14,0
DA:16,0
DA:17,0
DA:19,0
DA:20,0
DA:21,0
LF:9
LH:0
end_of_record
SF:lib/app/modules/todo/submodules/cubit/presenter/pages/home_cubit_page.dart
DA:9,1
DA:16,1
DA:17,1
DA:21,1
DA:23,1
DA:25,3
DA:28,1
DA:30,1
DA:31,1
DA:37,1
DA:38,2
DA:39,1
DA:40,1
DA:51,1
DA:52,4
DA:55,0
DA:56,0
DA:60,0
DA:61,0
DA:62,0
DA:63,0
DA:65,0
DA:66,0
DA:67,0
DA:73,1
DA:75,0
DA:76,0
LF:27
LH:16
end_of_record
SF:lib/app/modules/todo/domain/failures/todo_failure.dart
DA:4,0
LF:1
LH:0
end_of_record
SF:lib/app/core/shared/services/navigation_service.dart
DA:4,0
DA:8,0
DA:10,0
DA:11,0
DA:14,0
DA:15,0
DA:18,0
DA:19,0
LF:8
LH:0
end_of_record
SF:lib/app/core/shared/interfaces/app_failure.dart
DA:2,0
DA:3,0
DA:8,0
DA:10,0
LF:4
LH:0
end_of_record
SF:lib/app/core/shared/interfaces/i_entity.dart
DA:6,0
DA:9,0
DA:13,0
DA:16,0
DA:17,0
LF:5
LH:0
end_of_record
SF:lib/app/modules/todo/domain/entities/todo_entity.dart
DA:4,0
LF:1
LH:0
end_of_record
SF:lib/app/modules/todo/domain/failures/description_validation_todo_failure.dart
DA:4,0
LF:1
LH:0
end_of_record
SF:lib/app/modules/todo/domain/failures/name_validation_todo_failure.dart
DA:4,0
LF:1
LH:0
end_of_record
SF:lib/app/modules/todo/domain/failures/validation_todo_failure.dart
DA:4,0
LF:1
LH:0
end_of_record
SF:lib/app/modules/todo/domain/params/create_todo_param.dart
DA:2,0
LF:1
LH:0
end_of_record
SF:lib/app/modules/todo/domain/params/get_all_by_user_id_param.dart
DA:2,0
LF:1
LH:0
end_of_record
SF:lib/app/modules/todo/domain/usecases/vertente_00/implementations/create_todo_usecase_impl.dart
DA:10,0
DA:13,0
DA:15,0
DA:16,0
DA:18,0
DA:19,0
DA:20,0
DA:23,0
DA:24,0
DA:41,0
LF:10
LH:0
end_of_record
SF:lib/app/modules/todo/domain/usecases/vertente_00/implementations/get_all_by_user_id_usecase_impl.dart
DA:10,0
DA:13,0
DA:17,0
DA:18,0
DA:21,0
LF:5
LH:0
end_of_record
