SF:lib/app/modules/todo/submodules/bloc/presenter/blocs/events/todo_bloc_event.dart
DA:2,1
DA:6,1
LF:2
LH:2
end_of_record
SF:lib/app/modules/todo/submodules/bloc/presenter/blocs/states/todo_bloc_state.dart
DA:5,2
DA:9,0
DA:14,1
DA:18,2
LF:4
LH:3
end_of_record
SF:lib/app/modules/todo/submodules/bloc/presenter/blocs/todo_bloc.dart
DA:10,2
DA:11,2
DA:15,1
DA:19,1
DA:21,1
DA:31,2
DA:32,2
DA:34,1
DA:35,0
DA:36,3
LF:10
LH:9
end_of_record
SF:lib/app/modules/todo/domain/failures/todo_failure.dart
DA:4,0
LF:1
LH:0
end_of_record
SF:lib/app/modules/todo/domain/params/get_all_by_user_id_param.dart
DA:2,1
LF:1
LH:1
end_of_record
SF:lib/app/core/shared/interfaces/app_failure.dart
DA:2,0
DA:3,0
DA:8,0
DA:10,0
LF:4
LH:0
end_of_record
SF:lib/app/core/shared/interfaces/i_entity.dart
DA:6,0
DA:9,0
DA:13,0
DA:16,0
DA:17,0
LF:5
LH:0
end_of_record
SF:lib/app/modules/todo/domain/entities/todo_entity.dart
DA:4,0
LF:1
LH:0
end_of_record
SF:lib/app/modules/todo/domain/failures/description_validation_todo_failure.dart
DA:4,0
LF:1
LH:0
end_of_record
SF:lib/app/modules/todo/domain/failures/name_validation_todo_failure.dart
DA:4,0
LF:1
LH:0
end_of_record
SF:lib/app/modules/todo/domain/failures/validation_todo_failure.dart
DA:4,0
LF:1
LH:0
end_of_record
SF:lib/app/modules/todo/domain/params/create_todo_param.dart
DA:2,0
LF:1
LH:0
end_of_record
SF:lib/app/modules/todo/domain/usecases/vertente_00/implementations/create_todo_usecase_impl.dart
DA:10,0
DA:13,0
DA:15,0
DA:16,0
DA:18,0
DA:19,0
DA:20,0
DA:23,0
DA:24,0
DA:41,0
LF:10
LH:0
end_of_record
SF:lib/app/modules/todo/domain/usecases/vertente_00/implementations/get_all_by_user_id_usecase_impl.dart
DA:10,0
DA:13,0
DA:17,0
DA:18,0
DA:21,0
LF:5
LH:0
end_of_record
