SF:lib\login.dart
DA:6,1
DA:8,1
DA:12,1
DA:15,2
DA:19,2
DA:24,1
DA:28,1
DA:29,3
DA:31,2
LF:9
LH:9
end_of_record
SF:lib\main.dart
DA:4,0
DA:5,0
DA:9,3
DA:11,0
DA:13,0
DA:15,0
LF:6
LH:1
end_of_record
SF:lib\models\user_model.dart
DA:4,4
DA:6,1
DA:10,5
LF:3
LH:3
end_of_record
SF:lib\pages\home_page.dart
DA:7,0
DA:10,0
DA:12,0
DA:14,0
DA:15,0
DA:16,0
DA:17,0
DA:18,0
DA:22,0
DA:23,0
DA:24,0
DA:25,0
LF:12
LH:0
end_of_record
SF:lib\pages\login_page.dart
DA:8,3
DA:10,0
DA:12,0
DA:13,0
DA:14,0
DA:15,0
DA:17,0
DA:18,0
LF:8
LH:1
end_of_record
SF:lib\repositories\auth_repository.dart
DA:10,1
DA:14,0
DA:16,0
DA:23,0
DA:25,0
DA:26,0
DA:27,0
DA:29,0
DA:40,0
DA:42,0
DA:46,0
DA:47,0
DA:51,0
DA:55,0
DA:59,0
DA:63,0
LF:16
LH:1
end_of_record
SF:lib\stores\user_store.dart
DA:7,0
DA:9,0
DA:10,0
DA:15,0
DA:17,0
DA:19,0
DA:20,0
DA:24,0
LF:8
LH:0
end_of_record
SF:lib\utils\exceptions.dart
DA:4,1
LF:1
LH:1
end_of_record
