SF:lib/app/core/failures/app_failure.dart
DA:5,1
DA:6,1
LF:2
LH:2
end_of_record
SF:lib/app/core/failures/validation_failure.dart
DA:4,1
LF:1
LH:1
end_of_record
SF:lib/app/modules/person/domain/entities/person_entity.dart
DA:11,0
LF:1
LH:0
end_of_record
SF:lib/app/modules/person/domain/params/create_person_param.dart
DA:12,1
LF:1
LH:1
end_of_record
SF:lib/app/modules/person/domain/responses/create_person_response.dart
DA:4,1
LF:1
LH:1
end_of_record
SF:lib/app/modules/person/domain/usecases/create_person_usecase.dart
DA:17,1
DA:19,1
DA:22,1
DA:23,2
DA:24,1
DA:25,2
DA:28,0
DA:29,0
DA:30,0
DA:33,0
DA:34,0
DA:35,0
DA:36,0
DA:39,0
DA:40,0
DA:41,0
DA:44,0
LF:17
LH:6
end_of_record
