SF:lib/core/failures/app_failure.dart
DA:5,1
DA:6,1
LF:2
LH:2
end_of_record
SF:lib/domain/entities/person_entity.dart
DA:11,0
LF:1
LH:0
end_of_record
SF:lib/domain/params/create_person_param.dart
DA:12,2
LF:1
LH:1
end_of_record
SF:lib/domain/responses/create_person_response.dart
DA:4,3
LF:1
LH:1
end_of_record
SF:lib/infra/mappers/person_mapper.dart
DA:4,1
DA:5,1
DA:6,1
DA:7,1
DA:8,2
DA:9,2
DA:10,1
LF:7
LH:7
end_of_record
SF:lib/infra/repositories/person_repository.dart
DA:12,1
DA:14,1
DA:17,1
DA:18,2
DA:21,1
LF:5
LH:5
end_of_record
SF:lib/core/services/local_storage/helpers/params.dart
DA:5,1
LF:1
LH:1
end_of_record
SF:lib/core/services/local_storage/helpers/responses.dart
DA:4,1
LF:1
LH:1
end_of_record
SF:lib/external/person_datasource.dart
DA:10,1
DA:12,1
DA:14,1
DA:15,2
DA:17,2
LF:5
LH:5
end_of_record
SF:lib/core/failures/validation_failure.dart
DA:4,1
LF:1
LH:1
end_of_record
SF:lib/domain/usecases/create_person_usecase.dart
DA:15,1
DA:17,1
DA:19,1
DA:20,2
DA:21,1
DA:22,1
DA:25,4
DA:26,2
DA:27,1
DA:30,1
DA:31,3
DA:32,2
DA:33,1
DA:36,3
DA:37,1
DA:40,2
LF:16
LH:16
end_of_record
